[30Oct2024 09:57:00.892] [main/INFO] [cpw.mods.modlauncher.Launcher/MODLAUNCHER]: ModLauncher running: args [--launchTarget, forgeclientuserdev, --version, 20.6.117, --assetIndex, asset-index, --assetsDir, C:\Users\User\.mcreator\gradle\caches\minecraft\assets\1.20.6, --gameDir, ., --fml.neoForgeVersion, 20.6.117, --fml.fmlVersion, 3.0.45, --fml.mcVersion, 1.20.6, --fml.neoFormVersion, 20240429.153634]
[30Oct2024 09:57:00.903] [main/INFO] [cpw.mods.modlauncher.Launcher/MODLAUNCHER]: JVM identified as Eclipse Adoptium OpenJDK 64-Bit Server VM 21.0.3+9-LTS
[30Oct2024 09:57:00.907] [main/INFO] [cpw.mods.modlauncher.Launcher/MODLAUNCHER]: ModLauncher 11.0.2+main.4612c65f starting: java version 21.0.3 by Eclipse Adoptium; OS Windows 10 arch amd64 version 10.0
[30Oct2024 09:57:01.191] [main/INFO] [net.neoforged.fml.loading.ImmediateWindowHandler/]: Loading ImmediateWindowProvider fmlearlywindow
[30Oct2024 09:57:01.499] [main/INFO] [EARLYDISPLAY/]: Trying GL version 4.6
[30Oct2024 09:57:01.729] [main/INFO] [EARLYDISPLAY/]: Requested GL version 4.6 got version 4.6
[30Oct2024 09:57:02.392] [main/INFO] [mixin/]: SpongePowered MIXIN Subsystem Version=0.8.5 Source=union:/C:/Users/User/.mcreator/gradle/caches/modules-2/files-2.1/net.fabricmc/sponge-mixin/0.13.4+mixin.0.8.5/8adf0cff1795a169141b9e16ad7b9f6e2527a990/sponge-mixin-0.13.4+mixin.0.8.5.jar%23136!/ Service=ModLauncher Env=CLIENT
[30Oct2024 09:57:02.931] [pool-2-thread-1/INFO] [EARLYDISPLAY/]: GL info: Intel(R) HD Graphics 530 GL version 4.6.0 - Build 31.0.101.2115, Intel
[30Oct2024 09:57:03.050] [main/INFO] [net.neoforged.fml.loading.moddiscovery.ModDiscoverer/SCAN]: Found mod file "neoforge-20.6.117.jar" [locator: neoforge devenv provider ([D:\mod_create\Pseudorygium\.gradle\repositories\ng_dummy_ng\net\neoforged\neoforge\20.6.117\neoforge-20.6.117.jar])]
[30Oct2024 09:57:03.082] [main/INFO] [net.neoforged.fml.loading.moddiscovery.ModDiscoverer/SCAN]: Found mod file "neoforge-20.6.117.jar" [locator: neoforge devenv provider ([D:\mod_create\Pseudorygium\.gradle\repositories\ng_dummy_ng\net\neoforged\neoforge\20.6.117\neoforge-20.6.117.jar])]
[30Oct2024 09:57:03.103] [main/INFO] [net.neoforged.fml.loading.moddiscovery.ModDiscoverer/SCAN]: Found mod file "main" [locator: userdev mods and services, reader: mod manifest]
[30Oct2024 09:57:03.140] [main/INFO] [net.neoforged.fml.loading.moddiscovery.ModDiscoverer/SCAN]: Found mod file "neoforge-20.6.117.jar" [locator: userdev mods and services, reader: mod manifest]
[30Oct2024 09:57:03.228] [main/INFO] [net.neoforged.fml.loading.moddiscovery.ModDiscoverer/SCAN]: Found gamelibrary file "mixinextras-neoforge-0.3.5.jar" [locator: userdev mods and services, reader: mod manifest]
[30Oct2024 09:57:03.658] [main/WARN] [net.neoforged.jarjar.selection.JarSelector/]: Attempted to select a dependency jar for JarJar which was passed in as source: mixinextras-neoforge-0.3.5.jar. Using Mod File: C:\Users\User\.mcreator\gradle\caches\modules-2\files-2.1\io.github.llamalad7\mixinextras-neoforge\0.3.5\ef3ffcf309dae656517b2f120189b1c9b21737dd\mixinextras-neoforge-0.3.5.jar
[30Oct2024 09:57:03.659] [main/INFO] [net.neoforged.fml.loading.moddiscovery.locators.JarInJarDependencyLocator/]: No dependencies to load found. Skipping!
[30Oct2024 09:57:04.085] [main/INFO] [net.neoforged.fml.loading.FMLServiceProvider/CORE]: Loading coremod script-engine for [neoforge]
[30Oct2024 09:57:06.005] [main/INFO] [cpw.mods.modlauncher.LaunchServiceHandler/MODLAUNCHER]: Launching target 'forgeclientuserdev' with arguments [--version, 20.6.117, --gameDir, ., --assetsDir, C:\Users\User\.mcreator\gradle\caches\minecraft\assets\1.20.6, --assetIndex, asset-index]
[30Oct2024 09:57:15.653] [Datafixer Bootstrap/INFO] [com.mojang.datafixers.DataFixerBuilder/]: 225 Datafixer optimizations took 650 milliseconds
[30Oct2024 09:57:19.719] [main/WARN] [net.minecraft.commands.Commands/]: Ambiguity between arguments [teleport, location] and [teleport, destination] with inputs: [0.1 -0.5 .9, 0 0 0]
[30Oct2024 09:57:19.721] [main/WARN] [net.minecraft.commands.Commands/]: Ambiguity between arguments [teleport, location] and [teleport, targets] with inputs: [0.1 -0.5 .9, 0 0 0]
[30Oct2024 09:57:19.727] [main/WARN] [net.minecraft.commands.Commands/]: Ambiguity between arguments [teleport, destination] and [teleport, targets] with inputs: [Player, 0123, @e, dd12be42-52a9-4a91-a8a1-11c01849e498]
[30Oct2024 09:57:19.729] [main/WARN] [net.minecraft.commands.Commands/]: Ambiguity between arguments [teleport, targets] and [teleport, destination] with inputs: [Player, 0123, dd12be42-52a9-4a91-a8a1-11c01849e498]
[30Oct2024 09:57:19.731] [main/WARN] [net.minecraft.commands.Commands/]: Ambiguity between arguments [teleport, targets, location] and [teleport, targets, destination] with inputs: [0.1 -0.5 .9, 0 0 0]
[30Oct2024 09:57:19.927] [Render thread/WARN] [net.minecraft.server.packs.VanillaPackResourcesBuilder/]: Assets URL 'union:/D:/mod_create/Pseudorygium/.gradle/repositories/ng_dummy_ng/net/neoforged/neoforge/20.6.117/neoforge-20.6.117.jar%23192!/assets/.mcassetsroot' uses unexpected schema
[30Oct2024 09:57:19.928] [Render thread/WARN] [net.minecraft.server.packs.VanillaPackResourcesBuilder/]: Assets URL 'union:/D:/mod_create/Pseudorygium/.gradle/repositories/ng_dummy_ng/net/neoforged/neoforge/20.6.117/neoforge-20.6.117.jar%23192!/data/.mcassetsroot' uses unexpected schema
[30Oct2024 09:57:19.971] [Render thread/INFO] [com.mojang.authlib.yggdrasil.YggdrasilAuthenticationService/]: Environment: Environment[sessionHost=https://sessionserver.mojang.com, servicesHost=https://api.minecraftservices.com, name=PROD]
[30Oct2024 09:57:19.992] [Render thread/INFO] [net.minecraft.client.Minecraft/]: Setting user: Dev
[30Oct2024 09:57:20.220] [Render thread/INFO] [net.minecraft.client.Minecraft/]: Backend library: LWJGL version 3.3.3+5
[30Oct2024 09:57:20.619] [modloading-worker-0/INFO] [net.neoforged.neoforge.common.NeoForgeMod/NEOFORGE-MOD]: NeoForge mod loading, version 20.6.117, for MC 1.20.6
[30Oct2024 09:57:25.166] [Render thread/INFO] [net.neoforged.neoforge.gametest.GameTestHooks/]: Enabled Gametest Namespaces: []
[30Oct2024 09:57:26.235] [Render thread/INFO] [net.minecraft.server.packs.resources.ReloadableResourceManager/]: Reloading ResourceManager: vanilla, mod_resources, mod/neoforge, mod/pseudorygium
[30Oct2024 09:57:26.469] [Worker-Main-7/INFO] [net.minecraft.client.gui.font.providers.UnihexProvider/]: Found unifont_all_no_pua-15.1.04.hex, loading
[30Oct2024 09:57:27.777] [Worker-Main-1/INFO] [net.minecraft.client.gui.font.providers.UnihexProvider/]: Found unifont_jp_patch-15.1.04.hex, loading
[30Oct2024 09:57:33.354] [Render thread/WARN] [net.minecraft.client.sounds.SoundEngine/]: Missing sound for event: minecraft:item.goat_horn.play
[30Oct2024 09:57:33.356] [Render thread/WARN] [net.minecraft.client.sounds.SoundEngine/]: Missing sound for event: minecraft:entity.goat.screaming.horn_break
[30Oct2024 09:57:35.011] [Render thread/INFO] [com.mojang.blaze3d.audio.Library/]: OpenAL initialized on device OpenAL Soft on Динамики / головные телефоны (Realtek Audio)
[30Oct2024 09:57:35.014] [Render thread/INFO] [net.minecraft.client.sounds.SoundEngine/SOUNDS]: Sound engine started
[30Oct2024 09:57:35.213] [Render thread/INFO] [net.minecraft.client.renderer.texture.TextureAtlas/]: Created: 1024x512x2 minecraft:textures/atlas/blocks.png-atlas
[30Oct2024 09:57:35.336] [Render thread/INFO] [net.minecraft.client.renderer.texture.TextureAtlas/]: Created: 256x256x2 minecraft:textures/atlas/signs.png-atlas
[30Oct2024 09:57:35.338] [Render thread/INFO] [net.minecraft.client.renderer.texture.TextureAtlas/]: Created: 512x512x2 minecraft:textures/atlas/shield_patterns.png-atlas
[30Oct2024 09:57:35.343] [Render thread/INFO] [net.minecraft.client.renderer.texture.TextureAtlas/]: Created: 512x512x2 minecraft:textures/atlas/banner_patterns.png-atlas
[30Oct2024 09:57:35.346] [Render thread/INFO] [net.minecraft.client.renderer.texture.TextureAtlas/]: Created: 1024x1024x2 minecraft:textures/atlas/armor_trims.png-atlas
[30Oct2024 09:57:35.383] [Render thread/INFO] [net.minecraft.client.renderer.texture.TextureAtlas/]: Created: 128x64x2 minecraft:textures/atlas/decorated_pot.png-atlas
[30Oct2024 09:57:35.385] [Render thread/INFO] [net.minecraft.client.renderer.texture.TextureAtlas/]: Created: 256x256x2 minecraft:textures/atlas/chest.png-atlas
[30Oct2024 09:57:35.388] [Render thread/INFO] [net.minecraft.client.renderer.texture.TextureAtlas/]: Created: 512x256x2 minecraft:textures/atlas/shulker_boxes.png-atlas
[30Oct2024 09:57:35.390] [Render thread/INFO] [net.minecraft.client.renderer.texture.TextureAtlas/]: Created: 512x256x2 minecraft:textures/atlas/beds.png-atlas
[30Oct2024 09:57:35.523] [Render thread/INFO] [net.minecraft.client.Minecraft/]: Caught error loading resourcepacks, removing all selected resourcepacks
java.util.concurrent.CompletionException: java.lang.IllegalArgumentException: Failed to create model for pseudorygium:pronghorn
	at java.base/java.util.concurrent.CompletableFuture.encodeThrowable(CompletableFuture.java:315) ~[?:?]
	at java.base/java.util.concurrent.CompletableFuture.completeThrowable(CompletableFuture.java:320) ~[?:?]
	at java.base/java.util.concurrent.CompletableFuture$UniRun.tryFire(CompletableFuture.java:791) ~[?:?]
	at java.base/java.util.concurrent.CompletableFuture$Completion.run(CompletableFuture.java:482) ~[?:?]
	at TRANSFORMER/minecraft@1.20.6/net.minecraft.server.packs.resources.SimpleReloadInstance.lambda$new$3(SimpleReloadInstance.java:86) ~[neoforge-20.6.117.jar%23192!/:?]
	at TRANSFORMER/minecraft@1.20.6/net.minecraft.util.thread.BlockableEventLoop.doRunTask(BlockableEventLoop.java:148) ~[neoforge-20.6.117.jar%23192!/:?]
	at TRANSFORMER/minecraft@1.20.6/net.minecraft.util.thread.ReentrantBlockableEventLoop.doRunTask(ReentrantBlockableEventLoop.java:24) ~[neoforge-20.6.117.jar%23192!/:?]
	at TRANSFORMER/minecraft@1.20.6/net.minecraft.util.thread.BlockableEventLoop.pollTask(BlockableEventLoop.java:122) ~[neoforge-20.6.117.jar%23192!/:?]
	at TRANSFORMER/minecraft@1.20.6/net.minecraft.util.thread.BlockableEventLoop.runAllTasks(BlockableEventLoop.java:111) ~[neoforge-20.6.117.jar%23192!/:?]
	at TRANSFORMER/minecraft@1.20.6/net.minecraft.client.Minecraft.runTick(Minecraft.java:1216) ~[neoforge-20.6.117.jar%23192!/:?]
	at TRANSFORMER/minecraft@1.20.6/net.minecraft.client.Minecraft.run(Minecraft.java:815) ~[neoforge-20.6.117.jar%23192!/:?]
	at TRANSFORMER/minecraft@1.20.6/net.minecraft.client.main.Main.main(Main.java:244) ~[neoforge-20.6.117.jar%23192!/:?]
	at java.base/jdk.internal.reflect.DirectMethodHandleAccessor.invoke(DirectMethodHandleAccessor.java:103) ~[?:?]
	at java.base/java.lang.reflect.Method.invoke(Method.java:580) ~[?:?]
	at MC-BOOTSTRAP/fml_loader@3.0.45/net.neoforged.fml.loading.targets.CommonLaunchHandler.runTarget(CommonLaunchHandler.java:136) ~[loader-3.0.45.jar%23145!/:3.0]
	at MC-BOOTSTRAP/fml_loader@3.0.45/net.neoforged.fml.loading.targets.CommonLaunchHandler.clientService(CommonLaunchHandler.java:124) ~[loader-3.0.45.jar%23145!/:3.0]
	at MC-BOOTSTRAP/fml_loader@3.0.45/net.neoforged.fml.loading.targets.NeoForgeClientUserdevLaunchHandler.runService(NeoForgeClientUserdevLaunchHandler.java:23) ~[loader-3.0.45.jar%23145!/:3.0]
	at MC-BOOTSTRAP/fml_loader@3.0.45/net.neoforged.fml.loading.targets.CommonLaunchHandler.lambda$launchService$4(CommonLaunchHandler.java:118) ~[loader-3.0.45.jar%23145!/:3.0]
	at MC-BOOTSTRAP/cpw.mods.modlauncher@11.0.2/cpw.mods.modlauncher.LaunchServiceHandlerDecorator.launch(LaunchServiceHandlerDecorator.java:30) [modlauncher-11.0.2.jar%23126!/:?]
	at MC-BOOTSTRAP/cpw.mods.modlauncher@11.0.2/cpw.mods.modlauncher.LaunchServiceHandler.launch(LaunchServiceHandler.java:53) [modlauncher-11.0.2.jar%23126!/:?]
	at MC-BOOTSTRAP/cpw.mods.modlauncher@11.0.2/cpw.mods.modlauncher.LaunchServiceHandler.launch(LaunchServiceHandler.java:71) [modlauncher-11.0.2.jar%23126!/:?]
	at MC-BOOTSTRAP/cpw.mods.modlauncher@11.0.2/cpw.mods.modlauncher.Launcher.run(Launcher.java:103) [modlauncher-11.0.2.jar%23126!/:?]
	at MC-BOOTSTRAP/cpw.mods.modlauncher@11.0.2/cpw.mods.modlauncher.Launcher.main(Launcher.java:74) [modlauncher-11.0.2.jar%23126!/:?]
	at MC-BOOTSTRAP/cpw.mods.modlauncher@11.0.2/cpw.mods.modlauncher.BootstrapLaunchConsumer.accept(BootstrapLaunchConsumer.java:26) [modlauncher-11.0.2.jar%23126!/:?]
	at MC-BOOTSTRAP/cpw.mods.modlauncher@11.0.2/cpw.mods.modlauncher.BootstrapLaunchConsumer.accept(BootstrapLaunchConsumer.java:23) [modlauncher-11.0.2.jar%23126!/:?]
	at cpw.mods.bootstraplauncher@2.0.2/cpw.mods.bootstraplauncher.BootstrapLauncher.run(BootstrapLauncher.java:210) [bootstraplauncher-2.0.2.jar:?]
	at cpw.mods.bootstraplauncher@2.0.2/cpw.mods.bootstraplauncher.BootstrapLauncher.main(BootstrapLauncher.java:69) [bootstraplauncher-2.0.2.jar:?]
Caused by: java.lang.IllegalArgumentException: Failed to create model for pseudorygium:pronghorn
	at TRANSFORMER/minecraft@1.20.6/net.minecraft.client.renderer.entity.EntityRenderers.lambda$createEntityRenderers$2(EntityRenderers.java:39) ~[neoforge-20.6.117.jar%23192!/:?]
	at MC-BOOTSTRAP/it.unimi.dsi.fastutil@8.5.12/it.unimi.dsi.fastutil.objects.Object2ObjectMap.lambda$forEach$0(Object2ObjectMap.java:209) ~[fastutil-8.5.12.jar%23135!/:?]
	at MC-BOOTSTRAP/it.unimi.dsi.fastutil@8.5.12/it.unimi.dsi.fastutil.objects.Object2ObjectOpenHashMap$MapEntrySet.fastForEach(Object2ObjectOpenHashMap.java:1004) ~[fastutil-8.5.12.jar%23135!/:?]
	at MC-BOOTSTRAP/it.unimi.dsi.fastutil@8.5.12/it.unimi.dsi.fastutil.objects.Object2ObjectMap.forEach(Object2ObjectMap.java:211) ~[fastutil-8.5.12.jar%23135!/:?]
	at TRANSFORMER/minecraft@1.20.6/net.minecraft.client.renderer.entity.EntityRenderers.createEntityRenderers(EntityRenderers.java:35) ~[neoforge-20.6.117.jar%23192!/:?]
	at TRANSFORMER/minecraft@1.20.6/net.minecraft.client.renderer.entity.EntityRenderDispatcher.onResourceManagerReload(EntityRenderDispatcher.java:450) ~[neoforge-20.6.117.jar%23192!/:?]
	at TRANSFORMER/minecraft@1.20.6/net.minecraft.server.packs.resources.ResourceManagerReloadListener.lambda$reload$0(ResourceManagerReloadListener.java:21) ~[neoforge-20.6.117.jar%23192!/:?]
	at java.base/java.util.concurrent.CompletableFuture$UniRun.tryFire(CompletableFuture.java:787) ~[?:?]
	... 24 more
Caused by: java.util.NoSuchElementException: Can't find part head
	at TRANSFORMER/minecraft@1.20.6/net.minecraft.client.model.geom.ModelPart.getChild(ModelPart.java:88) ~[neoforge-20.6.117.jar%23192!/:?]
	at TRANSFORMER/pseudorygium@9.20.1/net.mcreator.pseudorygium.client.model.Modelpronghorn.<init>(Modelpronghorn.java:37) ~[%23194!/:?]
	at TRANSFORMER/pseudorygium@9.20.1/net.mcreator.pseudorygium.client.renderer.PronghornRenderer.<init>(PronghornRenderer.java:13) ~[%23194!/:?]
	at TRANSFORMER/minecraft@1.20.6/net.minecraft.client.renderer.entity.EntityRenderers.lambda$createEntityRenderers$2(EntityRenderers.java:37) ~[neoforge-20.6.117.jar%23192!/:?]
	at MC-BOOTSTRAP/it.unimi.dsi.fastutil@8.5.12/it.unimi.dsi.fastutil.objects.Object2ObjectMap.lambda$forEach$0(Object2ObjectMap.java:209) ~[fastutil-8.5.12.jar%23135!/:?]
	at MC-BOOTSTRAP/it.unimi.dsi.fastutil@8.5.12/it.unimi.dsi.fastutil.objects.Object2ObjectOpenHashMap$MapEntrySet.fastForEach(Object2ObjectOpenHashMap.java:1004) ~[fastutil-8.5.12.jar%23135!/:?]
	at MC-BOOTSTRAP/it.unimi.dsi.fastutil@8.5.12/it.unimi.dsi.fastutil.objects.Object2ObjectMap.forEach(Object2ObjectMap.java:211) ~[fastutil-8.5.12.jar%23135!/:?]
	at TRANSFORMER/minecraft@1.20.6/net.minecraft.client.renderer.entity.EntityRenderers.createEntityRenderers(EntityRenderers.java:35) ~[neoforge-20.6.117.jar%23192!/:?]
	at TRANSFORMER/minecraft@1.20.6/net.minecraft.client.renderer.entity.EntityRenderDispatcher.onResourceManagerReload(EntityRenderDispatcher.java:450) ~[neoforge-20.6.117.jar%23192!/:?]
	at TRANSFORMER/minecraft@1.20.6/net.minecraft.server.packs.resources.ResourceManagerReloadListener.lambda$reload$0(ResourceManagerReloadListener.java:21) ~[neoforge-20.6.117.jar%23192!/:?]
	at java.base/java.util.concurrent.CompletableFuture$UniRun.tryFire(CompletableFuture.java:787) ~[?:?]
	... 24 more
[30Oct2024 09:57:35.558] [Render thread/INFO] [net.minecraft.server.packs.resources.ReloadableResourceManager/]: Reloading ResourceManager: vanilla, mod_resources, mod/neoforge, mod/pseudorygium
[30Oct2024 09:57:35.570] [Worker-Main-7/INFO] [net.minecraft.client.gui.font.providers.UnihexProvider/]: Found unifont_all_no_pua-15.1.04.hex, loading
[30Oct2024 09:57:35.929] [Worker-Main-4/INFO] [net.minecraft.client.gui.font.providers.UnihexProvider/]: Found unifont_jp_patch-15.1.04.hex, loading
[30Oct2024 09:57:37.701] [Render thread/WARN] [net.minecraft.client.sounds.SoundEngine/]: Missing sound for event: minecraft:item.goat_horn.play
[30Oct2024 09:57:37.701] [Render thread/WARN] [net.minecraft.client.sounds.SoundEngine/]: Missing sound for event: minecraft:entity.goat.screaming.horn_break
[30Oct2024 09:57:38.403] [Render thread/INFO] [com.mojang.blaze3d.audio.Library/]: OpenAL initialized on device OpenAL Soft on Динамики / головные телефоны (Realtek Audio)
[30Oct2024 09:57:38.403] [Render thread/INFO] [net.minecraft.client.sounds.SoundEngine/SOUNDS]: Sound engine started
[30Oct2024 09:57:38.511] [Render thread/INFO] [net.minecraft.client.renderer.texture.TextureAtlas/]: Created: 1024x512x2 minecraft:textures/atlas/blocks.png-atlas
[30Oct2024 09:57:38.546] [Render thread/INFO] [net.minecraft.client.renderer.texture.TextureAtlas/]: Created: 256x256x2 minecraft:textures/atlas/signs.png-atlas
[30Oct2024 09:57:38.547] [Render thread/INFO] [net.minecraft.client.renderer.texture.TextureAtlas/]: Created: 512x512x2 minecraft:textures/atlas/shield_patterns.png-atlas
[30Oct2024 09:57:38.549] [Render thread/INFO] [net.minecraft.client.renderer.texture.TextureAtlas/]: Created: 512x512x2 minecraft:textures/atlas/banner_patterns.png-atlas
[30Oct2024 09:57:38.550] [Render thread/INFO] [net.minecraft.client.renderer.texture.TextureAtlas/]: Created: 1024x1024x2 minecraft:textures/atlas/armor_trims.png-atlas
[30Oct2024 09:57:38.559] [Render thread/INFO] [net.minecraft.client.renderer.texture.TextureAtlas/]: Created: 128x64x2 minecraft:textures/atlas/decorated_pot.png-atlas
[30Oct2024 09:57:38.560] [Render thread/INFO] [net.minecraft.client.renderer.texture.TextureAtlas/]: Created: 256x256x2 minecraft:textures/atlas/chest.png-atlas
[30Oct2024 09:57:38.561] [Render thread/INFO] [net.minecraft.client.renderer.texture.TextureAtlas/]: Created: 512x256x2 minecraft:textures/atlas/shulker_boxes.png-atlas
[30Oct2024 09:57:38.561] [Render thread/INFO] [net.minecraft.client.renderer.texture.TextureAtlas/]: Created: 512x256x2 minecraft:textures/atlas/beds.png-atlas
[30Oct2024 09:57:44.345] [Render thread/INFO] [net.minecraft.client.Minecraft/]: Stopping!
